Change Component Comment : Designator=R118 Old Comment=100K New Comment=10K
Change Component Comment : Designator=R28 Old Comment=100K New Comment=47K
Change Component Comment : Designator=R96 Old Comment=100K New Comment=x
Change Component Comment : Designator=R90 Old Comment=BAT New Comment=0
Change Component Comment : Designator=C17 Old Comment=C New Comment=1uf
Change Component Comment : Designator=C15 Old Comment=C New Comment=10uF
Change Component Comment : Designator=C16 Old Comment=C New Comment=10uF
Change Component Comment : Designator=C30 Old Comment=C New Comment=10uf
Change Component Comment : Designator=C31 Old Comment=C New Comment=10uf
Change Component Comment : Designator=C37 Old Comment=C New Comment=10uf
Change Component Comment : Designator=C21 Old Comment=C New Comment=100nF
Change Component Comment : Designator=C22 Old Comment=C New Comment=100nF
Change Component Comment : Designator=C23 Old Comment=C New Comment=100nF
Change Component Comment : Designator=C24 Old Comment=C New Comment=100nF
Change Component Comment : Designator=C5 Old Comment=Cpola New Comment=2.2uF
Change Component Comment : Designator=C12 Old Comment=Cpola New Comment=2.2uF
Change Component Comment : Designator=C32 Old Comment=Cpola New Comment=6.8uf
Change Component Comment : Designator=C28 Old Comment=Cpola New Comment=10uf
Change Component Comment : Designator=C36 Old Comment=Cpola New Comment=20-100uF
Change Component Comment : Designator=C29 Old Comment=Cpola New Comment=100-330uf
Change Component Comment : Designator=C14 Old Comment=Cpola New Comment=100uF
Change Component Comment : Designator=D5 Old Comment=Diode New Comment=SS210
Change Component Comment : Designator=R122 Old Comment=D or 0 New Comment=0
Change Component Comment : Designator=R123 Old Comment=D or 0 New Comment=10
Change Component Comment : Designator=L1 Old Comment=Inductor New Comment=10
Change Component Comment : Designator=L2 Old Comment=Inductor New Comment=10
Change Component Comment : Designator=L4 Old Comment=Inductor New Comment=10
Change Component Comment : Designator=D4 Old Comment=LED New Comment=BLUE/RED
Change Component Comment : Designator=D6 Old Comment=LED New Comment=BLUE
Change Component Comment : Designator=D1 Old Comment=LED New Comment=GREEN
Change Component Comment : Designator=D3 Old Comment=LED New Comment=RED
Change Component Comment : Designator=Q2 Old Comment=Mosfet-Nch SOT23 New Comment=N-MOS
Change Component Comment : Designator=Q1 Old Comment=Mosfet-Pch SOT23 New Comment=P-MOS
Change Component Comment : Designator=R7 Old Comment=R New Comment=0
Change Component Comment : Designator=R29 Old Comment=R New Comment=0
Change Component Comment : Designator=R49 Old Comment=R New Comment=0
Change Component Comment : Designator=R83 Old Comment=R New Comment=0
Change Component Comment : Designator=R85 Old Comment=R New Comment=0
Change Component Comment : Designator=R105 Old Comment=R New Comment=0
Change Component Comment : Designator=R17 Old Comment=R New Comment=1K
Change Component Comment : Designator=R19 Old Comment=R New Comment=1K
Change Component Comment : Designator=R20 Old Comment=R New Comment=1K
Change Component Comment : Designator=R60 Old Comment=R New Comment=1K
Change Component Comment : Designator=R64 Old Comment=R New Comment=10
Change Component Comment : Designator=R24 Old Comment=R New Comment=10K
Change Component Comment : Designator=R26 Old Comment=R New Comment=10K
Change Component Comment : Designator=R34 Old Comment=R New Comment=10K
Change Component Comment : Designator=R36 Old Comment=R New Comment=10K
Change Component Comment : Designator=R39 Old Comment=R New Comment=10K
Change Component Comment : Designator=R41 Old Comment=R New Comment=10K
Change Component Comment : Designator=R44 Old Comment=R New Comment=10K
Change Component Comment : Designator=R50 Old Comment=R New Comment=10K
Change Component Comment : Designator=R52 Old Comment=R New Comment=10K
Change Component Comment : Designator=R55 Old Comment=R New Comment=10K
Change Component Comment : Designator=R133 Old Comment=R New Comment=10K
Change Component Comment : Designator=R131 Old Comment=R New Comment=47K
Change Component Comment : Designator=R132 Old Comment=R New Comment=47K
Change Component Comment : Designator=R1 Old Comment=R New Comment=100
Change Component Comment : Designator=R2 Old Comment=R New Comment=100
Change Component Comment : Designator=R5 Old Comment=R New Comment=100
Change Component Comment : Designator=R9 Old Comment=R New Comment=100
Change Component Comment : Designator=R12 Old Comment=R New Comment=100
Change Component Comment : Designator=R14 Old Comment=R New Comment=100
Change Component Comment : Designator=R25 Old Comment=R New Comment=100
Change Component Comment : Designator=R40 Old Comment=R New Comment=100
Change Component Comment : Designator=R43 Old Comment=R New Comment=100
Change Component Comment : Designator=R45 Old Comment=R New Comment=100
Change Component Comment : Designator=R48 Old Comment=R New Comment=100
Change Component Comment : Designator=R4 Old Comment=R New Comment=X
Change Component Comment : Designator=R33 Old Comment=R New Comment=X
Change Component Comment : Designator=R63 Old Comment=R New Comment=x
Change Component Comment : Designator=R93 Old Comment=R New Comment=X
Change Component Comment : Designator=R98 Old Comment=R New Comment=X
Added Room: Name=Bluetooth_mersasV2
